2024-03-20 10:30:54,939 - INFO - EXTRACT 'category' - SUCCESS.
2024-03-20 10:30:54,947 - INFO - EXTRACT 'subcategory' - SUCCESS.
2024-03-20 10:30:54,968 - INFO - EXTRACT 'customer' - SUCCESS.
2024-03-20 10:30:54,982 - INFO - EXTRACT 'orders' - SUCCESS.
2024-03-20 10:30:55,018 - INFO - EXTRACT 'product' - SUCCESS.
2024-03-20 10:30:55,064 - INFO - EXTRACT 'order_detail' - SUCCESS.
2024-03-20 10:30:55,066 - INFO - [pid 34080] Worker Worker(salt=354558418, workers=1, host=DESKTOP-V42S030, username=laode, pid=34080) done      Extract()
2024-03-20 10:30:55,069 - DEBUG - 1 running tasks, waiting for next task to finish
2024-03-20 10:30:55,071 - INFO - Informed scheduler that task   Extract__99914b932b   has status   DONE
2024-03-20 10:30:55,073 - DEBUG - Asking scheduler for work...
2024-03-20 10:30:55,075 - DEBUG - Done
2024-03-20 10:30:55,076 - DEBUG - There are no more tasks to run at this time
2024-03-20 10:30:55,078 - INFO - Worker Worker(salt=354558418, workers=1, host=DESKTOP-V42S030, username=laode, pid=34080) was stopped. Shutting down Keep-Alive thread
2024-03-20 10:30:55,080 - INFO - 
===== Luigi Execution Summary =====

Scheduled 1 tasks of which:
* 1 ran successfully:
    - 1 Extract()

This progress looks :) because there were no failed tasks or missing dependencies

===== Luigi Execution Summary =====

2024-03-20 10:41:32,271 - INFO - logging already configured
2024-03-20 10:41:32,274 - DEBUG - Checking if Extract() is complete
2024-03-20 10:41:32,276 - INFO - Informed scheduler that task   Extract__99914b932b   has status   DONE
2024-03-20 10:41:32,277 - DEBUG - Checking if Load() is complete
2024-03-20 10:41:32,280 - DEBUG - Checking if Extract() is complete
2024-03-20 10:41:32,281 - INFO - Informed scheduler that task   Load__99914b932b   has status   PENDING
2024-03-20 10:41:32,283 - INFO - Informed scheduler that task   Extract__99914b932b   has status   DONE
2024-03-20 10:41:32,285 - INFO - Done scheduling tasks
2024-03-20 10:41:32,286 - INFO - Running Worker with 1 processes
2024-03-20 10:41:32,287 - DEBUG - Asking scheduler for work...
2024-03-20 10:41:32,290 - DEBUG - Pending tasks: 1
2024-03-20 10:41:32,293 - INFO - [pid 34080] Worker Worker(salt=2928876774, workers=1, host=DESKTOP-V42S030, username=laode, pid=34080) running   Load()
2024-03-20 10:41:32,352 - INFO - LOAD category - SUCCESS
2024-03-20 10:41:32,526 - INFO - LOAD subcategory - SUCCESS
2024-03-20 10:41:33,134 - INFO - LOAD customer - SUCCESS
2024-03-20 10:41:33,722 - INFO - LOAD orders - SUCCESS
2024-03-20 10:41:34,546 - INFO - LOAD product - SUCCESS
2024-03-20 10:41:36,803 - INFO - LOAD order_detail - SUCCESS
2024-03-20 10:41:36,804 - INFO - [pid 34080] Worker Worker(salt=2928876774, workers=1, host=DESKTOP-V42S030, username=laode, pid=34080) done      Load()
2024-03-20 10:41:36,806 - DEBUG - 1 running tasks, waiting for next task to finish
2024-03-20 10:41:36,808 - INFO - Informed scheduler that task   Load__99914b932b   has status   DONE
2024-03-20 10:41:36,810 - DEBUG - Asking scheduler for work...
2024-03-20 10:41:36,812 - DEBUG - Done
2024-03-20 10:41:36,812 - DEBUG - There are no more tasks to run at this time
2024-03-20 10:41:36,813 - INFO - Worker Worker(salt=2928876774, workers=1, host=DESKTOP-V42S030, username=laode, pid=34080) was stopped. Shutting down Keep-Alive thread
2024-03-20 10:41:36,815 - INFO - 
===== Luigi Execution Summary =====

Scheduled 2 tasks of which:
* 1 complete ones were encountered:
    - 1 Extract()
* 1 ran successfully:
    - 1 Load()

This progress looks :) because there were no failed tasks or missing dependencies

===== Luigi Execution Summary =====

2024-03-20 10:52:45,303 - INFO - logging already configured
2024-03-20 10:52:45,306 - DEBUG - Checking if Extract() is complete
2024-03-20 10:52:45,308 - INFO - Informed scheduler that task   Extract__99914b932b   has status   DONE
2024-03-20 10:52:45,310 - DEBUG - Checking if Load() is complete
2024-03-20 10:52:45,312 - INFO - Informed scheduler that task   Load__99914b932b   has status   DONE
2024-03-20 10:52:45,313 - DEBUG - Checking if Transform() is complete
2024-03-20 10:52:45,317 - DEBUG - Checking if Load() is complete
2024-03-20 10:52:45,320 - INFO - Informed scheduler that task   Transform__99914b932b   has status   PENDING
2024-03-20 10:52:45,322 - INFO - Informed scheduler that task   Load__99914b932b   has status   DONE
2024-03-20 10:52:45,324 - INFO - Done scheduling tasks
2024-03-20 10:52:45,326 - INFO - Running Worker with 1 processes
2024-03-20 10:52:45,328 - DEBUG - Asking scheduler for work...
2024-03-20 10:52:45,329 - DEBUG - Pending tasks: 1
2024-03-20 10:52:45,330 - INFO - [pid 34080] Worker Worker(salt=5998264940, workers=1, host=DESKTOP-V42S030, username=laode, pid=34080) running   Transform()
2024-03-20 10:52:45,358 - INFO - Transform dim_customer - SUCCESS
2024-03-20 10:52:45,370 - INFO - Transform dim_product - SUCCESS
2024-03-20 10:52:45,474 - INFO - Transform fct_order - SUCCESS
2024-03-20 10:52:45,477 - INFO - [pid 34080] Worker Worker(salt=5998264940, workers=1, host=DESKTOP-V42S030, username=laode, pid=34080) done      Transform()
2024-03-20 10:52:45,480 - DEBUG - 1 running tasks, waiting for next task to finish
2024-03-20 10:52:45,482 - INFO - Informed scheduler that task   Transform__99914b932b   has status   DONE
2024-03-20 10:52:45,483 - DEBUG - Asking scheduler for work...
2024-03-20 10:52:45,484 - DEBUG - Done
2024-03-20 10:52:45,486 - DEBUG - There are no more tasks to run at this time
2024-03-20 10:52:45,487 - INFO - Worker Worker(salt=5998264940, workers=1, host=DESKTOP-V42S030, username=laode, pid=34080) was stopped. Shutting down Keep-Alive thread
2024-03-20 10:52:45,489 - INFO - 
===== Luigi Execution Summary =====

Scheduled 3 tasks of which:
* 2 complete ones were encountered:
    - 1 Extract()
    - 1 Load()
* 1 ran successfully:
    - 1 Transform()

This progress looks :) because there were no failed tasks or missing dependencies

===== Luigi Execution Summary =====

2024-03-20 10:30:54,939 - INFO - EXTRACT 'category' - SUCCESS.
2024-03-20 10:30:54,947 - INFO - EXTRACT 'subcategory' - SUCCESS.
2024-03-20 10:30:54,968 - INFO - EXTRACT 'customer' - SUCCESS.
2024-03-20 10:30:54,982 - INFO - EXTRACT 'orders' - SUCCESS.
2024-03-20 10:30:55,018 - INFO - EXTRACT 'product' - SUCCESS.
2024-03-20 10:30:55,064 - INFO - EXTRACT 'order_detail' - SUCCESS.
2024-03-20 10:30:55,066 - INFO - [pid 34080] Worker Worker(salt=354558418, workers=1, host=DESKTOP-V42S030, username=laode, pid=34080) done      Extract()
2024-03-20 10:30:55,069 - DEBUG - 1 running tasks, waiting for next task to finish
2024-03-20 10:30:55,071 - INFO - Informed scheduler that task   Extract__99914b932b   has status   DONE
2024-03-20 10:30:55,073 - DEBUG - Asking scheduler for work...
2024-03-20 10:30:55,075 - DEBUG - Done
2024-03-20 10:30:55,076 - DEBUG - There are no more tasks to run at this time
2024-03-20 10:30:55,078 - INFO - Worker Worker(salt=354558418, workers=1, host=DESKTOP-V42S030, username=laode, pid=34080) was stopped. Shutting down Keep-Alive thread
2024-03-20 10:30:55,080 - INFO - 
===== Luigi Execution Summary =====

Scheduled 1 tasks of which:
* 1 ran successfully:
    - 1 Extract()

This progress looks :) because there were no failed tasks or missing dependencies

===== Luigi Execution Summary =====

2024-03-20 10:41:32,271 - INFO - logging already configured
2024-03-20 10:41:32,274 - DEBUG - Checking if Extract() is complete
2024-03-20 10:41:32,276 - INFO - Informed scheduler that task   Extract__99914b932b   has status   DONE
2024-03-20 10:41:32,277 - DEBUG - Checking if Load() is complete
2024-03-20 10:41:32,280 - DEBUG - Checking if Extract() is complete
2024-03-20 10:41:32,281 - INFO - Informed scheduler that task   Load__99914b932b   has status   PENDING
2024-03-20 10:41:32,283 - INFO - Informed scheduler that task   Extract__99914b932b   has status   DONE
2024-03-20 10:41:32,285 - INFO - Done scheduling tasks
2024-03-20 10:41:32,286 - INFO - Running Worker with 1 processes
2024-03-20 10:41:32,287 - DEBUG - Asking scheduler for work...
2024-03-20 10:41:32,290 - DEBUG - Pending tasks: 1
2024-03-20 10:41:32,293 - INFO - [pid 34080] Worker Worker(salt=2928876774, workers=1, host=DESKTOP-V42S030, username=laode, pid=34080) running   Load()
2024-03-20 10:41:32,352 - INFO - LOAD category - SUCCESS
2024-03-20 10:41:32,526 - INFO - LOAD subcategory - SUCCESS
2024-03-20 10:41:33,134 - INFO - LOAD customer - SUCCESS
2024-03-20 10:41:33,722 - INFO - LOAD orders - SUCCESS
2024-03-20 10:41:34,546 - INFO - LOAD product - SUCCESS
2024-03-20 10:41:36,803 - INFO - LOAD order_detail - SUCCESS
2024-03-20 10:41:36,804 - INFO - [pid 34080] Worker Worker(salt=2928876774, workers=1, host=DESKTOP-V42S030, username=laode, pid=34080) done      Load()
2024-03-20 10:41:36,806 - DEBUG - 1 running tasks, waiting for next task to finish
2024-03-20 10:41:36,808 - INFO - Informed scheduler that task   Load__99914b932b   has status   DONE
2024-03-20 10:41:36,810 - DEBUG - Asking scheduler for work...
2024-03-20 10:41:36,812 - DEBUG - Done
2024-03-20 10:41:36,812 - DEBUG - There are no more tasks to run at this time
2024-03-20 10:41:36,813 - INFO - Worker Worker(salt=2928876774, workers=1, host=DESKTOP-V42S030, username=laode, pid=34080) was stopped. Shutting down Keep-Alive thread
2024-03-20 10:41:36,815 - INFO - 
===== Luigi Execution Summary =====

Scheduled 2 tasks of which:
* 1 complete ones were encountered:
    - 1 Extract()
* 1 ran successfully:
    - 1 Load()

This progress looks :) because there were no failed tasks or missing dependencies

===== Luigi Execution Summary =====

2024-03-20 10:52:45,303 - INFO - logging already configured
2024-03-20 10:52:45,306 - DEBUG - Checking if Extract() is complete
2024-03-20 10:52:45,308 - INFO - Informed scheduler that task   Extract__99914b932b   has status   DONE
2024-03-20 10:52:45,310 - DEBUG - Checking if Load() is complete
2024-03-20 10:52:45,312 - INFO - Informed scheduler that task   Load__99914b932b   has status   DONE
2024-03-20 10:52:45,313 - DEBUG - Checking if Transform() is complete
2024-03-20 10:52:45,317 - DEBUG - Checking if Load() is complete
2024-03-20 10:52:45,320 - INFO - Informed scheduler that task   Transform__99914b932b   has status   PENDING
2024-03-20 10:52:45,322 - INFO - Informed scheduler that task   Load__99914b932b   has status   DONE
2024-03-20 10:52:45,324 - INFO - Done scheduling tasks
2024-03-20 10:52:45,326 - INFO - Running Worker with 1 processes
2024-03-20 10:52:45,328 - DEBUG - Asking scheduler for work...
2024-03-20 10:52:45,329 - DEBUG - Pending tasks: 1
2024-03-20 10:52:45,330 - INFO - [pid 34080] Worker Worker(salt=5998264940, workers=1, host=DESKTOP-V42S030, username=laode, pid=34080) running   Transform()
2024-03-20 10:52:45,358 - INFO - Transform dim_customer - SUCCESS
2024-03-20 10:52:45,370 - INFO - Transform dim_product - SUCCESS
2024-03-20 10:52:45,474 - INFO - Transform fct_order - SUCCESS
2024-03-20 10:52:45,477 - INFO - [pid 34080] Worker Worker(salt=5998264940, workers=1, host=DESKTOP-V42S030, username=laode, pid=34080) done      Transform()
2024-03-20 10:52:45,480 - DEBUG - 1 running tasks, waiting for next task to finish
2024-03-20 10:52:45,482 - INFO - Informed scheduler that task   Transform__99914b932b   has status   DONE
2024-03-20 10:52:45,483 - DEBUG - Asking scheduler for work...
2024-03-20 10:52:45,484 - DEBUG - Done
2024-03-20 10:52:45,486 - DEBUG - There are no more tasks to run at this time
2024-03-20 10:52:45,487 - INFO - Worker Worker(salt=5998264940, workers=1, host=DESKTOP-V42S030, username=laode, pid=34080) was stopped. Shutting down Keep-Alive thread
2024-03-20 10:52:45,489 - INFO - 
===== Luigi Execution Summary =====

Scheduled 3 tasks of which:
* 2 complete ones were encountered:
    - 1 Extract()
    - 1 Load()
* 1 ran successfully:
    - 1 Transform()

This progress looks :) because there were no failed tasks or missing dependencies

===== Luigi Execution Summary =====

2024-03-20 11:31:27,678 - INFO - Transform dim_customer - SUCCESS
2024-03-20 11:31:27,680 - INFO - Transform dim_product - SUCCESS
2024-03-20 11:31:27,682 - INFO - Transform fct_order - SUCCESS
2024-03-20 11:31:27,688 - INFO - [pid 59924] Worker Worker(salt=1081637177, workers=1, host=DESKTOP-V42S030, username=laode, pid=59924) done      Transform()
2024-03-20 11:31:27,689 - DEBUG - 1 running tasks, waiting for next task to finish
2024-03-20 11:31:27,693 - INFO - Informed scheduler that task   Transform__99914b932b   has status   DONE
2024-03-20 11:31:27,693 - DEBUG - Asking scheduler for work...
2024-03-20 11:31:27,696 - DEBUG - Done
2024-03-20 11:31:27,696 - DEBUG - There are no more tasks to run at this time
2024-03-20 11:31:27,696 - INFO - Worker Worker(salt=1081637177, workers=1, host=DESKTOP-V42S030, username=laode, pid=59924) was stopped. Shutting down Keep-Alive thread
2024-03-20 11:31:27,697 - INFO - 
===== Luigi Execution Summary =====

Scheduled 3 tasks of which:
* 2 complete ones were encountered:
    - 1 Extract()
    - 1 Load()
* 1 ran successfully:
    - 1 Transform()

This progress looks :) because there were no failed tasks or missing dependencies

===== Luigi Execution Summary =====

2024-03-20 11:32:18,648 - INFO - EXTRACT 'category' - SUCCESS.
2024-03-20 11:32:18,653 - INFO - EXTRACT 'subcategory' - SUCCESS.
2024-03-20 11:32:18,667 - INFO - EXTRACT 'customer' - SUCCESS.
2024-03-20 11:32:18,679 - INFO - EXTRACT 'orders' - SUCCESS.
2024-03-20 11:32:18,698 - INFO - EXTRACT 'product' - SUCCESS.
2024-03-20 11:32:18,734 - INFO - EXTRACT 'order_detail' - SUCCESS.
2024-03-20 11:32:18,736 - INFO - [pid 60541] Worker Worker(salt=3368920628, workers=1, host=DESKTOP-V42S030, username=laode, pid=60541) done      Extract()
2024-03-20 11:32:18,737 - DEBUG - 1 running tasks, waiting for next task to finish
2024-03-20 11:32:18,741 - INFO - Informed scheduler that task   Extract__99914b932b   has status   DONE
2024-03-20 11:32:18,741 - DEBUG - Asking scheduler for work...
2024-03-20 11:32:18,744 - DEBUG - Pending tasks: 2
2024-03-20 11:32:18,744 - INFO - [pid 60541] Worker Worker(salt=3368920628, workers=1, host=DESKTOP-V42S030, username=laode, pid=60541) running   Load()
2024-03-20 11:32:18,797 - INFO - LOAD category - SUCCESS
2024-03-20 11:32:18,906 - INFO - LOAD subcategory - SUCCESS
2024-03-20 11:32:19,460 - INFO - LOAD customer - SUCCESS
2024-03-20 11:32:19,960 - INFO - LOAD orders - SUCCESS
2024-03-20 11:32:20,647 - INFO - LOAD product - SUCCESS
2024-03-20 11:32:22,528 - INFO - LOAD order_detail - SUCCESS
2024-03-20 11:32:22,529 - INFO - [pid 60541] Worker Worker(salt=3368920628, workers=1, host=DESKTOP-V42S030, username=laode, pid=60541) done      Load()
2024-03-20 11:32:22,530 - DEBUG - 1 running tasks, waiting for next task to finish
2024-03-20 11:32:22,534 - INFO - Informed scheduler that task   Load__99914b932b   has status   DONE
2024-03-20 11:32:22,534 - DEBUG - Asking scheduler for work...
2024-03-20 11:32:22,538 - DEBUG - Pending tasks: 1
2024-03-20 11:32:22,538 - INFO - [pid 60541] Worker Worker(salt=3368920628, workers=1, host=DESKTOP-V42S030, username=laode, pid=60541) running   Transform()
2024-03-20 11:32:22,569 - INFO - Transform dim_customer - SUCCESS
2024-03-20 11:32:22,583 - INFO - Transform dim_product - SUCCESS
2024-03-20 11:32:22,690 - INFO - Transform fct_order - SUCCESS
2024-03-20 11:32:22,691 - INFO - [pid 60541] Worker Worker(salt=3368920628, workers=1, host=DESKTOP-V42S030, username=laode, pid=60541) done      Transform()
2024-03-20 11:32:22,692 - DEBUG - 1 running tasks, waiting for next task to finish
2024-03-20 11:32:22,696 - INFO - Informed scheduler that task   Transform__99914b932b   has status   DONE
2024-03-20 11:32:22,696 - DEBUG - Asking scheduler for work...
2024-03-20 11:32:22,699 - DEBUG - Done
2024-03-20 11:32:22,699 - DEBUG - There are no more tasks to run at this time
2024-03-20 11:32:22,700 - INFO - Worker Worker(salt=3368920628, workers=1, host=DESKTOP-V42S030, username=laode, pid=60541) was stopped. Shutting down Keep-Alive thread
2024-03-20 11:32:22,701 - INFO - 
===== Luigi Execution Summary =====

Scheduled 3 tasks of which:
* 3 ran successfully:
    - 1 Extract()
    - 1 Load()
    - 1 Transform()

This progress looks :) because there were no failed tasks or missing dependencies

===== Luigi Execution Summary =====

